2026.07.02 22:59:38 INFO  Started: Metals version 1.6.7 in folders '/home/florian/GitHub/Gridarena-Java-MVC' for client VSCodium 1.121.0.[0m
2026.07.02 22:59:38 INFO  Memory monitor started[0m
2026.07.02 22:59:39 WARN  Using H2 2.4.240 which is newer than the version Flyway has been verified with. The latest verified version of H2 is 2.3.232.[0m
2026.07.02 22:59:39 INFO  no build target found for /home/florian/GitHub/Gridarena-Java-MVC/src/gridarena/model/BattlefieldModel.java. Using fallback presentation compiler.[0m
2026.07.02 22:59:40 INFO  no build target found for /home/florian/GitHub/Gridarena-Java-MVC/src/gridarena/model/BattlefieldModel.java. Using fallback presentation compiler.[0m
2026.07.02 22:59:40 WARN  no build tool detected in workspace '/home/florian/GitHub/Gridarena-Java-MVC'. The most common cause for this problem is that the editor was opened in the wrong working directory, for example if you use sbt then the workspace directory should contain build.sbt. [0m
2026.07.02 22:59:40 WARN  Build server is not auto-connectable.[0m
2026.07.02 22:59:40 WARN  no build target for: /home/florian/GitHub/Gridarena-Java-MVC/src/gridarena/model/BattlefieldModel.java[0m
2026.07.02 22:59:40 INFO  no build target found for /home/florian/GitHub/Gridarena-Java-MVC/src/gridarena/model/BattlefieldModel.java. Using fallback presentation compiler.[0m
2026.07.02 22:59:41 INFO  time: code lens generation in 1.09s[0m
2026.07.02 22:59:44 INFO  no build target found for /home/florian/GitHub/Gridarena-Java-MVC/src/gridarena/model/BattlefieldModel.java. Using fallback presentation compiler.[0m
2026.07.02 23:11:39 INFO  Detected new build tool in /home/florian/GitHub/Gridarena-Java-MVC[0m
2026.07.02 23:16:26 INFO  Shutting down server[0m
2026.07.02 23:16:26 INFO  Memory monitor stopped[0m
2026.07.02 23:16:26 INFO  shutting down Metals[0m
2026.07.02 23:16:26 INFO  Exiting server[0m
2026.07.03 13:20:06 INFO  Started: Metals version 1.6.7 in folders '/home/florian/GitHub/Gridarena-Java-MVC' for client VSCodium 1.121.0.[0m
2026.07.03 13:20:06 INFO  Memory monitor started[0m
2026.07.03 13:20:07 WARN  Using H2 2.4.240 which is newer than the version Flyway has been verified with. The latest verified version of H2 is 2.3.232.[0m
2026.07.03 13:20:07 INFO  no build target found for /home/florian/GitHub/Gridarena-Java-MVC/src/main/java/gridarena/model/fillgrid/RandomFillStrategy.java. Using fallback presentation compiler.[0m
2026.07.03 13:20:08 INFO  no build target found for /home/florian/GitHub/Gridarena-Java-MVC/src/main/java/gridarena/model/fillgrid/RandomFillStrategy.java. Using fallback presentation compiler.[0m
2026.07.03 13:39:20 INFO  no build target found for /home/florian/GitHub/Gridarena-Java-MVC/src/main/java/gridarena/model/fillgrid/RandomFillStrategy.java. Using fallback presentation compiler.[0m
2026.07.03 13:39:20 INFO  no build target found for /home/florian/GitHub/Gridarena-Java-MVC/src/main/java/gridarena/model/fillgrid/CrossFillStrategy.java. Using fallback presentation compiler.[0m
2026.07.03 13:39:20 INFO  no build target found for /home/florian/GitHub/Gridarena-Java-MVC/src/main/java/gridarena/model/fillgrid/CrossFillStrategy.java. Using fallback presentation compiler.[0m
2026.07.03 13:39:20 INFO  no build target found for /home/florian/GitHub/Gridarena-Java-MVC/src/main/java/gridarena/model/fillgrid/CrossFillStrategy.java. Using fallback presentation compiler.[0m
juil. 03, 2026 1:39:20 PM org.eclipse.lsp4j.jsonrpc.RemoteEndpoint handleCancellation
AVERTISSEMENT: Unmatched cancel notification for request id 10
2026.07.03 13:39:31 INFO  no build target found for /home/florian/GitHub/Gridarena-Java-MVC/src/main/java/gridarena/model/fillgrid/CrossFillStrategy.java. Using fallback presentation compiler.[0m
2026.07.03 13:39:33 INFO  no build target found for /home/florian/GitHub/Gridarena-Java-MVC/src/main/java/gridarena/model/Battlefield.java. Using fallback presentation compiler.[0m
2026.07.03 13:39:33 INFO  no build target found for /home/florian/GitHub/Gridarena-Java-MVC/src/main/java/gridarena/model/Battlefield.java. Using fallback presentation compiler.[0m
2026.07.03 13:39:33 INFO  no build target found for /home/florian/GitHub/Gridarena-Java-MVC/src/main/java/gridarena/model/Battlefield.java. Using fallback presentation compiler.[0m
juil. 03, 2026 1:39:33 PM org.eclipse.lsp4j.jsonrpc.RemoteEndpoint handleCancellation
AVERTISSEMENT: Unmatched cancel notification for request id 48
2026.07.03 13:39:34 INFO  no build target found for /home/florian/GitHub/Gridarena-Java-MVC/src/main/java/gridarena/model/Battlefield.java. Using fallback presentation compiler.[0m
2026.07.03 13:39:34 INFO  no build target found for /home/florian/GitHub/Gridarena-Java-MVC/src/main/java/gridarena/model/GameConfig.java. Using fallback presentation compiler.[0m
2026.07.03 13:39:34 INFO  no build target found for /home/florian/GitHub/Gridarena-Java-MVC/src/main/java/gridarena/model/GameConfig.java. Using fallback presentation compiler.[0m
2026.07.03 13:39:34 INFO  no build target found for /home/florian/GitHub/Gridarena-Java-MVC/src/main/java/gridarena/model/GameConfig.java. Using fallback presentation compiler.[0m
2026.07.03 13:39:36 INFO  no build target found for /home/florian/GitHub/Gridarena-Java-MVC/src/main/java/gridarena/model/GameConfig.java. Using fallback presentation compiler.[0m
2026.07.03 13:39:46 INFO  no build target found for /home/florian/GitHub/Gridarena-Java-MVC/src/main/java/gridarena/model/GameConfig.java. Using fallback presentation compiler.[0m
2026.07.03 13:39:48 INFO  no build target found for /home/florian/GitHub/Gridarena-Java-MVC/src/main/java/gridarena/model/GameConfig.java. Using fallback presentation compiler.[0m
2026.07.03 13:39:48 INFO  no build target found for /home/florian/GitHub/Gridarena-Java-MVC/src/main/java/gridarena/model/GameConfigValidator.java. Using fallback presentation compiler.[0m
2026.07.03 13:39:48 INFO  no build target found for /home/florian/GitHub/Gridarena-Java-MVC/src/main/java/gridarena/model/GameConfigValidator.java. Using fallback presentation compiler.[0m
2026.07.03 13:39:48 INFO  no build target found for /home/florian/GitHub/Gridarena-Java-MVC/src/main/java/gridarena/model/GameConfigValidator.java. Using fallback presentation compiler.[0m
2026.07.03 13:40:43 INFO  no build target found for /home/florian/GitHub/Gridarena-Java-MVC/src/main/java/gridarena/model/GameConfigValidator.java. Using fallback presentation compiler.[0m
2026.07.03 13:40:43 INFO  no build target found for /home/florian/GitHub/Gridarena-Java-MVC/src/main/java/gridarena/model/GameConfigValidator.java. Using fallback presentation compiler.[0m
2026.07.03 13:40:43 INFO  no build target found for /home/florian/GitHub/Gridarena-Java-MVC/src/main/java/gridarena/model/GameConfigValidator.java. Using fallback presentation compiler.[0m
2026.07.03 13:40:44 INFO  no build target found for /home/florian/GitHub/Gridarena-Java-MVC/src/main/java/gridarena/model/GameConfigValidator.java. Using fallback presentation compiler.[0m
2026.07.03 13:40:52 INFO  no build target found for /home/florian/GitHub/Gridarena-Java-MVC/src/main/java/gridarena/model/GameConfigValidator.java. Using fallback presentation compiler.[0m
2026.07.03 13:40:52 INFO  no build target found for /home/florian/GitHub/Gridarena-Java-MVC/src/main/java/gridarena/view/cli/PlayerCLI.java. Using fallback presentation compiler.[0m
2026.07.03 13:40:52 INFO  no build target found for /home/florian/GitHub/Gridarena-Java-MVC/src/main/java/gridarena/view/cli/PlayerCLI.java. Using fallback presentation compiler.[0m
2026.07.03 13:40:52 INFO  no build target found for /home/florian/GitHub/Gridarena-Java-MVC/src/main/java/gridarena/view/cli/PlayerCLI.java. Using fallback presentation compiler.[0m
2026.07.03 13:40:52 INFO  no build target found for /home/florian/GitHub/Gridarena-Java-MVC/src/main/java/gridarena/view/cli/PlayerCLI.java. Using fallback presentation compiler.[0m
juil. 03, 2026 1:40:52 PM org.eclipse.lsp4j.jsonrpc.RemoteEndpoint handleCancellation
AVERTISSEMENT: Unmatched cancel notification for request id 121
2026.07.03 13:41:11 INFO  no build target found for /home/florian/GitHub/Gridarena-Java-MVC/src/main/java/gridarena/view/cli/PlayerCLI.java. Using fallback presentation compiler.[0m
2026.07.03 13:41:11 INFO  no build target found for /home/florian/GitHub/Gridarena-Java-MVC/src/main/java/gridarena/controller/state/ControllerState.java. Using fallback presentation compiler.[0m
2026.07.03 13:41:11 INFO  no build target found for /home/florian/GitHub/Gridarena-Java-MVC/src/main/java/gridarena/controller/state/ControllerState.java. Using fallback presentation compiler.[0m
2026.07.03 13:41:11 INFO  no build target found for /home/florian/GitHub/Gridarena-Java-MVC/src/main/java/gridarena/controller/state/ControllerState.java. Using fallback presentation compiler.[0m
2026.07.03 13:41:19 INFO  no build target found for /home/florian/GitHub/Gridarena-Java-MVC/src/main/java/gridarena/controller/state/ControllerState.java. Using fallback presentation compiler.[0m
2026.07.03 13:41:19 INFO  no build target found for /home/florian/GitHub/Gridarena-Java-MVC/src/main/java/gridarena/controller/command/AxAttackCommand.java. Using fallback presentation compiler.[0m
2026.07.03 13:41:19 INFO  no build target found for /home/florian/GitHub/Gridarena-Java-MVC/src/main/java/gridarena/controller/command/AxAttackCommand.java. Using fallback presentation compiler.[0m
2026.07.03 13:41:19 INFO  no build target found for /home/florian/GitHub/Gridarena-Java-MVC/src/main/java/gridarena/controller/command/AxAttackCommand.java. Using fallback presentation compiler.[0m
2026.07.03 13:41:30 INFO  no build target found for /home/florian/GitHub/Gridarena-Java-MVC/src/main/java/gridarena/controller/command/AxAttackCommand.java. Using fallback presentation compiler.[0m
2026.07.03 13:41:30 INFO  no build target found for /home/florian/GitHub/Gridarena-Java-MVC/src/main/java/gridarena/model/Battlefield.java. Using fallback presentation compiler.[0m
2026.07.03 13:41:30 INFO  no build target found for /home/florian/GitHub/Gridarena-Java-MVC/src/main/java/gridarena/model/Battlefield.java. Using fallback presentation compiler.[0m
2026.07.03 13:41:30 INFO  no build target found for /home/florian/GitHub/Gridarena-Java-MVC/src/main/java/gridarena/model/Battlefield.java. Using fallback presentation compiler.[0m
2026.07.03 13:41:44 INFO  Shutting down server[0m
2026.07.03 13:41:44 INFO  Memory monitor stopped[0m
2026.07.03 13:41:44 INFO  shutting down Metals[0m
2026.07.03 13:41:44 INFO  Exiting server[0m
2026.07.03 13:41:44 ERROR Unexpected error initializing server: 
org.eclipse.lsp4j.jsonrpc.ResponseErrorException: Request window/showMessageRequest failed with message: Canceled
	at org.eclipse.lsp4j.jsonrpc.RemoteEndpoint.handleResponse(RemoteEndpoint.java:214)
	at org.eclipse.lsp4j.jsonrpc.RemoteEndpoint.consume(RemoteEndpoint.java:198)
	at org.eclipse.lsp4j.jsonrpc.json.StreamMessageProducer.handleMessage(StreamMessageProducer.java:189)
	at org.eclipse.lsp4j.jsonrpc.json.StreamMessageProducer.listen(StreamMessageProducer.java:97)
	at org.eclipse.lsp4j.jsonrpc.json.ConcurrentMessageProcessor.run(ConcurrentMessageProcessor.java:97)
	at java.util.concurrent.Executors$RunnableAdapter.call(Executors.java:572)
	at java.util.concurrent.FutureTask.run(FutureTask.java:317)
	at java.util.concurrent.ThreadPoolExecutor.runWorker(ThreadPoolExecutor.java:1144)
	at java.util.concurrent.ThreadPoolExecutor$Worker.run(ThreadPoolExecutor.java:642)
	at java.lang.Thread.run(Thread.java:1583)
[0m
2026.07.03 14:01:09 INFO  Started: Metals version 1.6.7 in folders '/home/florian/GitHub/Gridarena-Java-MVC' for client VSCodium 1.121.0.[0m
2026.07.03 14:01:09 INFO  Memory monitor started[0m
2026.07.03 14:01:10 WARN  Using H2 2.4.240 which is newer than the version Flyway has been verified with. The latest verified version of H2 is 2.3.232.[0m
2026.07.03 14:01:46 INFO  Shutting down server[0m
2026.07.03 14:01:46 INFO  Memory monitor stopped[0m
2026.07.03 14:01:46 INFO  shutting down Metals[0m
2026.07.03 14:01:46 INFO  Exiting server[0m
2026.07.03 14:01:46 